<?xml version="1.0" encoding="UTF-8"?>
<!-- Generated by org.testng.reporters.JUnitXMLReporter -->
<testsuite ignored="0" hostname="DESKTOP-VSV5DIB" failures="0" tests="3" name="Chrome Test" time="15.432" errors="0" timestamp="2024-09-29T20:18:34 IST">
  <testcase classname="TestClass.LoginPageTest" name="loginTest" time="1.529"/>
  <testcase classname="TestClass.LoginPageTest" name="loginTest" time="1.542"/>
  <testcase classname="TestClass.HomePageTest" name="checkBackPackIsAvailiable" time="0.591"/>
</testsuite> <!-- Chrome Test -->
