<?xml version="1.0" encoding="UTF-8"?>
<!-- Generated by org.testng.reporters.JUnitXMLReporter -->
<testsuite ignored="0" hostname="DESKTOP-VSV5DIB" failures="0" tests="3" name="Edge Test" time="15.885" errors="0" timestamp="2024-07-27T09:37:19 IST">
  <testcase classname="TestClass.LoginPageTest" name="loginTest" time="1.493"/>
  <testcase classname="TestClass.LoginPageTest" name="loginTest" time="1.434"/>
  <testcase classname="TestClass.HomePageTest" name="checkBackPackIsAvailiable" time="0.576"/>
</testsuite> <!-- Edge Test -->
