<?xml version="1.0" encoding="UTF-8"?>
<!-- Generated by org.testng.reporters.JUnitXMLReporter -->
<testsuite ignored="0" hostname="DESKTOP-VSV5DIB" failures="0" tests="3" name="firefox Test" time="21.784" errors="0" timestamp="2024-10-02T13:48:13 IST">
  <testcase classname="TestClass.LoginPageTest" name="loginTest" time="1.967"/>
  <testcase classname="TestClass.LoginPageTest" name="loginTest" time="1.967"/>
  <testcase classname="TestClass.HomePageTest" name="checkBackPackIsAvailiable" time="1.002"/>
</testsuite> <!-- firefox Test -->
