<?xml version="1.0" encoding="UTF-8"?>
<!-- Generated by org.testng.reporters.JUnitXMLReporter -->
<testsuite ignored="0" hostname="DESKTOP-VSV5DIB" failures="0" tests="3" name="firefox Test" time="22.302" errors="0" timestamp="2024-07-27T09:37:03 IST">
  <testcase classname="TestClass.LoginPageTest" name="loginTest" time="1.98"/>
  <testcase classname="TestClass.LoginPageTest" name="loginTest" time="1.887"/>
  <testcase classname="TestClass.HomePageTest" name="checkBackPackIsAvailiable" time="0.904"/>
</testsuite> <!-- firefox Test -->
