<?xml version="1.0" encoding="UTF-8"?>
<!-- Generated by org.testng.reporters.JUnitXMLReporter -->
<testsuite ignored="0" hostname="DESKTOP-VSV5DIB" failures="0" tests="6" name="Test" time="29.181" errors="0" timestamp="2024-07-20T11:43:11 IST">
  <testcase classname="TestClass.LoginPageTest" name="loginTest" time="1.427"/>
  <testcase classname="TestClass.LoginPageTest" name="loginTest" time="1.376"/>
  <testcase classname="TestClass.LoginPageTest" name="loginTest" time="6.397"/>
  <testcase classname="TestClass.LoginPageTest" name="loginTest" time="1.35"/>
  <testcase classname="TestClass.LoginPageTest" name="loginTest" time="1.376"/>
  <testcase classname="TestClass.HomePageTest" name="checkBackPackIsAvailiable" time="0.475"/>
</testsuite> <!-- Test -->
