<?xml version="1.0" encoding="UTF-8"?>
<!-- Generated by org.testng.reporters.JUnitXMLReporter -->
<testsuite ignored="0" hostname="DESKTOP-VSV5DIB" failures="0" tests="6" name="Test" time="39.874" errors="0" timestamp="2024-07-27T09:08:02 IST">
  <testcase classname="TestClass.LoginPageTest" name="loginTest" time="4.801"/>
  <testcase classname="TestClass.LoginPageTest" name="loginTest" time="1.533"/>
  <testcase classname="TestClass.LoginPageTest" name="loginTest" time="6.487"/>
  <testcase classname="TestClass.LoginPageTest" name="loginTest" time="1.539"/>
  <testcase classname="TestClass.LoginPageTest" name="loginTest" time="1.483"/>
  <testcase classname="TestClass.HomePageTest" name="checkBackPackIsAvailiable" time="4.584"/>
</testsuite> <!-- Test -->
