<?xml version="1.0" encoding="UTF-8"?>
<!-- Generated by org.testng.reporters.JUnitXMLReporter -->
<testsuite ignored="0" hostname="DESKTOP-VSV5DIB" failures="0" tests="6" name="Test" time="31.755" errors="0" timestamp="2024-07-26T12:31:47 IST">
  <testcase classname="TestClass.LoginPageTest" name="loginTest" time="1.568"/>
  <testcase classname="TestClass.LoginPageTest" name="loginTest" time="1.487"/>
  <testcase classname="TestClass.LoginPageTest" name="loginTest" time="6.545"/>
  <testcase classname="TestClass.LoginPageTest" name="loginTest" time="1.42"/>
  <testcase classname="TestClass.LoginPageTest" name="loginTest" time="1.427"/>
  <testcase classname="TestClass.HomePageTest" name="checkBackPackIsAvailiable" time="0.579"/>
</testsuite> <!-- Test -->
