<?xml version="1.0" encoding="UTF-8"?>
<testsuite xmlns:xsi="http://www.w3.org/2001/XMLSchema-instance" xsi:noNamespaceSchemaLocation="https://maven.apache.org/surefire/maven-surefire-plugin/xsd/surefire-test-report-3.0.xsd" version="3.0" name="TestSuite" time="33.668" tests="6" errors="0" skipped="0" failures="0">
  <properties>
[...]
</properties>
  <testcase name="loginTest[standard_user, secret_sauce](1)" classname="TestClass.LoginPageTest" time="1.594">
    <system-err><![CDATA[SLF4J: Failed to load class "org.slf4j.impl.StaticLoggerBinder".
SLF4J: Defaulting to no-operation (NOP) logger implementation
SLF4J: See http://www.slf4j.org/codes.html#StaticLoggerBinder for further details.
]]></system-err>
  </testcase>
  <testcase name="loginTest[problem_user, secret_sauce](2)" classname="TestClass.LoginPageTest" time="1.484"/>
  <testcase name="loginTest[performance_glitch_user, secret_sauce](3)" classname="TestClass.LoginPageTest" time="6.545"/>
  <testcase name="loginTest[error_user, secret_sauce](4)" classname="TestClass.LoginPageTest" time="1.414"/>
  <testcase name="loginTest[visual_user, secret_sauce](5)" classname="TestClass.LoginPageTest" time="1.425"/>
  <testcase name="checkBackPackIsAvailiable" classname="TestClass.HomePageTest" time="0.578"/>
</testsuite>