<?xml version="1.0" encoding="UTF-8"?>
<testng-results ignored="0" total="6" passed="6" failed="0" skipped="0">
  <reporter-output>
  </reporter-output>
  <suite started-at="2024-07-26T12:31:14 IST" name="Suite" finished-at="2024-07-26T12:31:46 IST" duration-ms="31755">
    <groups>
    </groups>
    <test started-at="2024-07-26T12:31:14 IST" name="Test" finished-at="2024-07-26T12:31:46 IST" duration-ms="31755">
      <class name="TestClass.LoginPageTest">
        <test-method is-config="true" signature="launchBrowser()[pri:0, instance:TestClass.LoginPageTest@1fb669c3]" started-at="2024-07-26T12:31:14 IST" name="launchBrowser" finished-at="2024-07-26T12:31:17 IST" duration-ms="3066" status="PASS">
          <reporter-output>
          </reporter-output>
        </test-method> <!-- launchBrowser -->
        <test-method signature="loginTest(java.lang.String,java.lang.String)[pri:0, instance:TestClass.LoginPageTest@1fb669c3]" started-at="2024-07-26T12:31:17 IST" name="loginTest" data-provider="logindata" finished-at="2024-07-26T12:31:19 IST" duration-ms="1568" status="PASS">
          <params>
            <param index="0">
              <value>
                <![CDATA[standard_user]]>
              </value>
            </param>
            <param index="1">
              <value>
                <![CDATA[secret_sauce]]>
              </value>
            </param>
          </params>
          <reporter-output>
          </reporter-output>
        </test-method> <!-- loginTest -->
        <test-method is-config="true" signature="LogOutTheUser()[pri:0, instance:TestClass.LoginPageTest@1fb669c3]" started-at="2024-07-26T12:31:19 IST" name="LogOutTheUser" finished-at="2024-07-26T12:31:19 IST" duration-ms="684" status="PASS">
          <reporter-output>
          </reporter-output>
        </test-method> <!-- LogOutTheUser -->
        <test-method is-config="true" signature="launchBrowser()[pri:0, instance:TestClass.LoginPageTest@1fb669c3]" started-at="2024-07-26T12:31:19 IST" name="launchBrowser" finished-at="2024-07-26T12:31:21 IST" duration-ms="1706" status="PASS">
          <reporter-output>
          </reporter-output>
        </test-method> <!-- launchBrowser -->
        <test-method signature="loginTest(java.lang.String,java.lang.String)[pri:0, instance:TestClass.LoginPageTest@1fb669c3]" started-at="2024-07-26T12:31:21 IST" name="loginTest" data-provider="logindata" finished-at="2024-07-26T12:31:22 IST" duration-ms="1487" status="PASS">
          <params>
            <param index="0">
              <value>
                <![CDATA[problem_user]]>
              </value>
            </param>
            <param index="1">
              <value>
                <![CDATA[secret_sauce]]>
              </value>
            </param>
          </params>
          <reporter-output>
          </reporter-output>
        </test-method> <!-- loginTest -->
        <test-method is-config="true" signature="LogOutTheUser()[pri:0, instance:TestClass.LoginPageTest@1fb669c3]" started-at="2024-07-26T12:31:22 IST" name="LogOutTheUser" finished-at="2024-07-26T12:31:23 IST" duration-ms="711" status="PASS">
          <reporter-output>
          </reporter-output>
        </test-method> <!-- LogOutTheUser -->
        <test-method is-config="true" signature="launchBrowser()[pri:0, instance:TestClass.LoginPageTest@1fb669c3]" started-at="2024-07-26T12:31:23 IST" name="launchBrowser" finished-at="2024-07-26T12:31:25 IST" duration-ms="1828" status="PASS">
          <reporter-output>
          </reporter-output>
        </test-method> <!-- launchBrowser -->
        <test-method signature="loginTest(java.lang.String,java.lang.String)[pri:0, instance:TestClass.LoginPageTest@1fb669c3]" started-at="2024-07-26T12:31:25 IST" name="loginTest" data-provider="logindata" finished-at="2024-07-26T12:31:32 IST" duration-ms="6545" status="PASS">
          <params>
            <param index="0">
              <value>
                <![CDATA[performance_glitch_user]]>
              </value>
            </param>
            <param index="1">
              <value>
                <![CDATA[secret_sauce]]>
              </value>
            </param>
          </params>
          <reporter-output>
          </reporter-output>
        </test-method> <!-- loginTest -->
        <test-method is-config="true" signature="LogOutTheUser()[pri:0, instance:TestClass.LoginPageTest@1fb669c3]" started-at="2024-07-26T12:31:32 IST" name="LogOutTheUser" finished-at="2024-07-26T12:31:32 IST" duration-ms="750" status="PASS">
          <reporter-output>
          </reporter-output>
        </test-method> <!-- LogOutTheUser -->
        <test-method is-config="true" signature="launchBrowser()[pri:0, instance:TestClass.LoginPageTest@1fb669c3]" started-at="2024-07-26T12:31:32 IST" name="launchBrowser" finished-at="2024-07-26T12:31:35 IST" duration-ms="2600" status="PASS">
          <reporter-output>
          </reporter-output>
        </test-method> <!-- launchBrowser -->
        <test-method signature="loginTest(java.lang.String,java.lang.String)[pri:0, instance:TestClass.LoginPageTest@1fb669c3]" started-at="2024-07-26T12:31:35 IST" name="loginTest" data-provider="logindata" finished-at="2024-07-26T12:31:36 IST" duration-ms="1420" status="PASS">
          <params>
            <param index="0">
              <value>
                <![CDATA[error_user]]>
              </value>
            </param>
            <param index="1">
              <value>
                <![CDATA[secret_sauce]]>
              </value>
            </param>
          </params>
          <reporter-output>
          </reporter-output>
        </test-method> <!-- loginTest -->
        <test-method is-config="true" signature="LogOutTheUser()[pri:0, instance:TestClass.LoginPageTest@1fb669c3]" started-at="2024-07-26T12:31:36 IST" name="LogOutTheUser" finished-at="2024-07-26T12:31:37 IST" duration-ms="678" status="PASS">
          <reporter-output>
          </reporter-output>
        </test-method> <!-- LogOutTheUser -->
        <test-method is-config="true" signature="launchBrowser()[pri:0, instance:TestClass.LoginPageTest@1fb669c3]" started-at="2024-07-26T12:31:37 IST" name="launchBrowser" finished-at="2024-07-26T12:31:40 IST" duration-ms="2965" status="PASS">
          <reporter-output>
          </reporter-output>
        </test-method> <!-- launchBrowser -->
        <test-method signature="loginTest(java.lang.String,java.lang.String)[pri:0, instance:TestClass.LoginPageTest@1fb669c3]" started-at="2024-07-26T12:31:40 IST" name="loginTest" data-provider="logindata" finished-at="2024-07-26T12:31:41 IST" duration-ms="1427" status="PASS">
          <params>
            <param index="0">
              <value>
                <![CDATA[visual_user]]>
              </value>
            </param>
            <param index="1">
              <value>
                <![CDATA[secret_sauce]]>
              </value>
            </param>
          </params>
          <reporter-output>
          </reporter-output>
        </test-method> <!-- loginTest -->
        <test-method is-config="true" signature="LogOutTheUser()[pri:0, instance:TestClass.LoginPageTest@1fb669c3]" started-at="2024-07-26T12:31:41 IST" name="LogOutTheUser" finished-at="2024-07-26T12:31:42 IST" duration-ms="686" status="PASS">
          <reporter-output>
          </reporter-output>
        </test-method> <!-- LogOutTheUser -->
      </class> <!-- TestClass.LoginPageTest -->
      <class name="TestClass.HomePageTest">
        <test-method is-config="true" signature="launchBrowser()[pri:0, instance:TestClass.HomePageTest@3b7d3a38]" started-at="2024-07-26T12:31:42 IST" name="launchBrowser" finished-at="2024-07-26T12:31:44 IST" duration-ms="2292" status="PASS">
          <reporter-output>
          </reporter-output>
        </test-method> <!-- launchBrowser -->
        <test-method signature="checkBackPackIsAvailiable()[pri:0, instance:TestClass.HomePageTest@3b7d3a38]" started-at="2024-07-26T12:31:44 IST" name="checkBackPackIsAvailiable" finished-at="2024-07-26T12:31:45 IST" duration-ms="579" status="PASS">
          <reporter-output>
          </reporter-output>
        </test-method> <!-- checkBackPackIsAvailiable -->
        <test-method is-config="true" signature="LogOutTheUser()[pri:0, instance:TestClass.HomePageTest@3b7d3a38]" started-at="2024-07-26T12:31:45 IST" name="LogOutTheUser" finished-at="2024-07-26T12:31:46 IST" duration-ms="687" status="PASS">
          <reporter-output>
          </reporter-output>
        </test-method> <!-- LogOutTheUser -->
      </class> <!-- TestClass.HomePageTest -->
    </test> <!-- Test -->
  </suite> <!-- Suite -->
</testng-results>
