<?xml version="1.0" encoding="UTF-8"?>
<testng-results ignored="0" total="3" passed="3" failed="0" skipped="0">
  <reporter-output>
  </reporter-output>
  <suite started-at="2024-10-03T13:57:18 IST" name="Somke Test" finished-at="2024-10-03T13:57:31 IST" duration-ms="13777">
    <groups>
    </groups>
    <test started-at="2024-10-03T13:57:18 IST" name="Chrome Test" finished-at="2024-10-03T13:57:31 IST" duration-ms="13777">
      <class name="TestClass.LoginPageTest">
        <test-method is-config="true" signature="launchBrowser(java.lang.String)[pri:0, instance:TestClass.LoginPageTest@52f27fbd]" started-at="2024-10-03T13:57:18 IST" name="launchBrowser" finished-at="2024-10-03T13:57:23 IST" duration-ms="4974" status="PASS">
          <params>
            <param index="0">
              <value>
                <![CDATA[chrome]]>
              </value>
            </param>
          </params>
          <reporter-output>
          </reporter-output>
        </test-method> <!-- launchBrowser -->
        <test-method signature="loginTest(java.lang.String,java.lang.String)[pri:0, instance:TestClass.LoginPageTest@52f27fbd]" started-at="2024-10-03T13:57:23 IST" name="loginTest" data-provider="logindata" finished-at="2024-10-03T13:57:24 IST" duration-ms="1402" status="PASS">
          <params>
            <param index="0">
              <value>
                <![CDATA[standard_user]]>
              </value>
            </param>
            <param index="1">
              <value>
                <![CDATA[secret_sauce]]>
              </value>
            </param>
          </params>
          <reporter-output>
          </reporter-output>
        </test-method> <!-- loginTest -->
        <test-method is-config="true" signature="LogOutTheUser()[pri:0, instance:TestClass.LoginPageTest@52f27fbd]" started-at="2024-10-03T13:57:24 IST" name="LogOutTheUser" finished-at="2024-10-03T13:57:25 IST" duration-ms="679" status="PASS">
          <reporter-output>
          </reporter-output>
        </test-method> <!-- LogOutTheUser -->
        <test-method is-config="true" signature="launchBrowser(java.lang.String)[pri:0, instance:TestClass.LoginPageTest@52f27fbd]" started-at="2024-10-03T13:57:25 IST" name="launchBrowser" finished-at="2024-10-03T13:57:26 IST" duration-ms="1802" status="PASS">
          <params>
            <param index="0">
              <value>
                <![CDATA[chrome]]>
              </value>
            </param>
          </params>
          <reporter-output>
          </reporter-output>
        </test-method> <!-- launchBrowser -->
        <test-method signature="loginTest(java.lang.String,java.lang.String)[pri:0, instance:TestClass.LoginPageTest@52f27fbd]" started-at="2024-10-03T13:57:26 IST" name="loginTest" data-provider="logindata" finished-at="2024-10-03T13:57:28 IST" duration-ms="1363" status="PASS">
          <params>
            <param index="0">
              <value>
                <![CDATA[problem_user]]>
              </value>
            </param>
            <param index="1">
              <value>
                <![CDATA[secret_sauce]]>
              </value>
            </param>
          </params>
          <reporter-output>
          </reporter-output>
        </test-method> <!-- loginTest -->
        <test-method is-config="true" signature="LogOutTheUser()[pri:0, instance:TestClass.LoginPageTest@52f27fbd]" started-at="2024-10-03T13:57:28 IST" name="LogOutTheUser" finished-at="2024-10-03T13:57:28 IST" duration-ms="648" status="PASS">
          <reporter-output>
          </reporter-output>
        </test-method> <!-- LogOutTheUser -->
      </class> <!-- TestClass.LoginPageTest -->
      <class name="TestClass.HomePageTest">
        <test-method is-config="true" signature="launchBrowser(java.lang.String)[pri:0, instance:TestClass.HomePageTest@431cd9b2]" started-at="2024-10-03T13:57:28 IST" name="launchBrowser" finished-at="2024-10-03T13:57:30 IST" duration-ms="1736" status="PASS">
          <params>
            <param index="0">
              <value>
                <![CDATA[chrome]]>
              </value>
            </param>
          </params>
          <reporter-output>
          </reporter-output>
        </test-method> <!-- launchBrowser -->
        <test-method signature="checkBackPackIsAvailiable()[pri:0, instance:TestClass.HomePageTest@431cd9b2]" started-at="2024-10-03T13:57:30 IST" name="checkBackPackIsAvailiable" finished-at="2024-10-03T13:57:31 IST" duration-ms="456" status="PASS">
          <reporter-output>
          </reporter-output>
        </test-method> <!-- checkBackPackIsAvailiable -->
        <test-method is-config="true" signature="LogOutTheUser()[pri:0, instance:TestClass.HomePageTest@431cd9b2]" started-at="2024-10-03T13:57:31 IST" name="LogOutTheUser" finished-at="2024-10-03T13:57:31 IST" duration-ms="659" status="PASS">
          <reporter-output>
          </reporter-output>
        </test-method> <!-- LogOutTheUser -->
      </class> <!-- TestClass.HomePageTest -->
    </test> <!-- Chrome Test -->
  </suite> <!-- Somke Test -->
</testng-results>
