<?xml version="1.0" encoding="UTF-8"?>
<testng-results ignored="0" total="3" passed="3" failed="0" skipped="0">
  <reporter-output>
  </reporter-output>
  <suite started-at="2024-09-29T20:18:19 IST" name="Somke Test" finished-at="2024-09-29T20:18:34 IST" duration-ms="15432">
    <groups>
    </groups>
    <test started-at="2024-09-29T20:18:19 IST" name="Chrome Test" finished-at="2024-09-29T20:18:34 IST" duration-ms="15432">
      <class name="TestClass.LoginPageTest">
        <test-method is-config="true" signature="launchBrowser(java.lang.String)[pri:0, instance:TestClass.LoginPageTest@332796d3]" started-at="2024-09-29T20:18:19 IST" name="launchBrowser" finished-at="2024-09-29T20:18:25 IST" duration-ms="5876" status="PASS">
          <params>
            <param index="0">
              <value>
                <![CDATA[chrome]]>
              </value>
            </param>
          </params>
          <reporter-output>
          </reporter-output>
        </test-method> <!-- launchBrowser -->
        <test-method signature="loginTest(java.lang.String,java.lang.String)[pri:0, instance:TestClass.LoginPageTest@332796d3]" started-at="2024-09-29T20:18:25 IST" name="loginTest" data-provider="logindata" finished-at="2024-09-29T20:18:26 IST" duration-ms="1529" status="PASS">
          <params>
            <param index="0">
              <value>
                <![CDATA[standard_user]]>
              </value>
            </param>
            <param index="1">
              <value>
                <![CDATA[secret_sauce]]>
              </value>
            </param>
          </params>
          <reporter-output>
          </reporter-output>
        </test-method> <!-- loginTest -->
        <test-method is-config="true" signature="LogOutTheUser()[pri:0, instance:TestClass.LoginPageTest@332796d3]" started-at="2024-09-29T20:18:26 IST" name="LogOutTheUser" finished-at="2024-09-29T20:18:27 IST" duration-ms="739" status="PASS">
          <reporter-output>
          </reporter-output>
        </test-method> <!-- LogOutTheUser -->
        <test-method is-config="true" signature="launchBrowser(java.lang.String)[pri:0, instance:TestClass.LoginPageTest@332796d3]" started-at="2024-09-29T20:18:27 IST" name="launchBrowser" finished-at="2024-09-29T20:18:29 IST" duration-ms="1865" status="PASS">
          <params>
            <param index="0">
              <value>
                <![CDATA[chrome]]>
              </value>
            </param>
          </params>
          <reporter-output>
          </reporter-output>
        </test-method> <!-- launchBrowser -->
        <test-method signature="loginTest(java.lang.String,java.lang.String)[pri:0, instance:TestClass.LoginPageTest@332796d3]" started-at="2024-09-29T20:18:29 IST" name="loginTest" data-provider="logindata" finished-at="2024-09-29T20:18:30 IST" duration-ms="1542" status="PASS">
          <params>
            <param index="0">
              <value>
                <![CDATA[problem_user]]>
              </value>
            </param>
            <param index="1">
              <value>
                <![CDATA[secret_sauce]]>
              </value>
            </param>
          </params>
          <reporter-output>
          </reporter-output>
        </test-method> <!-- loginTest -->
        <test-method is-config="true" signature="LogOutTheUser()[pri:0, instance:TestClass.LoginPageTest@332796d3]" started-at="2024-09-29T20:18:30 IST" name="LogOutTheUser" finished-at="2024-09-29T20:18:31 IST" duration-ms="700" status="PASS">
          <reporter-output>
          </reporter-output>
        </test-method> <!-- LogOutTheUser -->
      </class> <!-- TestClass.LoginPageTest -->
      <class name="TestClass.HomePageTest">
        <test-method is-config="true" signature="launchBrowser(java.lang.String)[pri:0, instance:TestClass.HomePageTest@8c3619e]" started-at="2024-09-29T20:18:31 IST" name="launchBrowser" finished-at="2024-09-29T20:18:33 IST" duration-ms="1728" status="PASS">
          <params>
            <param index="0">
              <value>
                <![CDATA[chrome]]>
              </value>
            </param>
          </params>
          <reporter-output>
          </reporter-output>
        </test-method> <!-- launchBrowser -->
        <test-method signature="checkBackPackIsAvailiable()[pri:0, instance:TestClass.HomePageTest@8c3619e]" started-at="2024-09-29T20:18:33 IST" name="checkBackPackIsAvailiable" finished-at="2024-09-29T20:18:33 IST" duration-ms="591" status="PASS">
          <reporter-output>
          </reporter-output>
        </test-method> <!-- checkBackPackIsAvailiable -->
        <test-method is-config="true" signature="LogOutTheUser()[pri:0, instance:TestClass.HomePageTest@8c3619e]" started-at="2024-09-29T20:18:33 IST" name="LogOutTheUser" finished-at="2024-09-29T20:18:34 IST" duration-ms="725" status="PASS">
          <reporter-output>
          </reporter-output>
        </test-method> <!-- LogOutTheUser -->
      </class> <!-- TestClass.HomePageTest -->
    </test> <!-- Chrome Test -->
  </suite> <!-- Somke Test -->
</testng-results>
