<?xml version="1.0" encoding="UTF-8"?>
<testng-results ignored="0" total="6" passed="6" failed="0" skipped="0">
  <reporter-output>
  </reporter-output>
  <suite started-at="2024-07-20T11:42:42 IST" name="Suite" finished-at="2024-07-20T11:43:11 IST" duration-ms="29181">
    <groups>
    </groups>
    <test started-at="2024-07-20T11:42:42 IST" name="Test" finished-at="2024-07-20T11:43:11 IST" duration-ms="29181">
      <class name="TestClass.LoginPageTest">
        <test-method is-config="true" signature="launchBrowser()[pri:0, instance:TestClass.LoginPageTest@21337f7b]" started-at="2024-07-20T11:42:42 IST" name="launchBrowser" finished-at="2024-07-20T11:42:44 IST" duration-ms="2526" status="PASS">
          <reporter-output>
          </reporter-output>
        </test-method> <!-- launchBrowser -->
        <test-method signature="loginTest(java.lang.String,java.lang.String)[pri:0, instance:TestClass.LoginPageTest@21337f7b]" started-at="2024-07-20T11:42:44 IST" name="loginTest" data-provider="logindata" finished-at="2024-07-20T11:42:46 IST" duration-ms="1427" status="PASS">
          <params>
            <param index="0">
              <value>
                <![CDATA[standard_user]]>
              </value>
            </param>
            <param index="1">
              <value>
                <![CDATA[secret_sauce]]>
              </value>
            </param>
          </params>
          <reporter-output>
          </reporter-output>
        </test-method> <!-- loginTest -->
        <test-method is-config="true" signature="LogOutTheUser()[pri:0, instance:TestClass.LoginPageTest@21337f7b]" started-at="2024-07-20T11:42:46 IST" name="LogOutTheUser" finished-at="2024-07-20T11:42:46 IST" duration-ms="680" status="PASS">
          <reporter-output>
          </reporter-output>
        </test-method> <!-- LogOutTheUser -->
        <test-method is-config="true" signature="launchBrowser()[pri:0, instance:TestClass.LoginPageTest@21337f7b]" started-at="2024-07-20T11:42:46 IST" name="launchBrowser" finished-at="2024-07-20T11:42:48 IST" duration-ms="1968" status="PASS">
          <reporter-output>
          </reporter-output>
        </test-method> <!-- launchBrowser -->
        <test-method signature="loginTest(java.lang.String,java.lang.String)[pri:0, instance:TestClass.LoginPageTest@21337f7b]" started-at="2024-07-20T11:42:48 IST" name="loginTest" data-provider="logindata" finished-at="2024-07-20T11:42:50 IST" duration-ms="1376" status="PASS">
          <params>
            <param index="0">
              <value>
                <![CDATA[problem_user]]>
              </value>
            </param>
            <param index="1">
              <value>
                <![CDATA[secret_sauce]]>
              </value>
            </param>
          </params>
          <reporter-output>
          </reporter-output>
        </test-method> <!-- loginTest -->
        <test-method is-config="true" signature="LogOutTheUser()[pri:0, instance:TestClass.LoginPageTest@21337f7b]" started-at="2024-07-20T11:42:50 IST" name="LogOutTheUser" finished-at="2024-07-20T11:42:50 IST" duration-ms="674" status="PASS">
          <reporter-output>
          </reporter-output>
        </test-method> <!-- LogOutTheUser -->
        <test-method is-config="true" signature="launchBrowser()[pri:0, instance:TestClass.LoginPageTest@21337f7b]" started-at="2024-07-20T11:42:50 IST" name="launchBrowser" finished-at="2024-07-20T11:42:52 IST" duration-ms="2048" status="PASS">
          <reporter-output>
          </reporter-output>
        </test-method> <!-- launchBrowser -->
        <test-method signature="loginTest(java.lang.String,java.lang.String)[pri:0, instance:TestClass.LoginPageTest@21337f7b]" started-at="2024-07-20T11:42:52 IST" name="loginTest" data-provider="logindata" finished-at="2024-07-20T11:42:59 IST" duration-ms="6397" status="PASS">
          <params>
            <param index="0">
              <value>
                <![CDATA[performance_glitch_user]]>
              </value>
            </param>
            <param index="1">
              <value>
                <![CDATA[secret_sauce]]>
              </value>
            </param>
          </params>
          <reporter-output>
          </reporter-output>
        </test-method> <!-- loginTest -->
        <test-method is-config="true" signature="LogOutTheUser()[pri:0, instance:TestClass.LoginPageTest@21337f7b]" started-at="2024-07-20T11:42:59 IST" name="LogOutTheUser" finished-at="2024-07-20T11:42:59 IST" duration-ms="676" status="PASS">
          <reporter-output>
          </reporter-output>
        </test-method> <!-- LogOutTheUser -->
        <test-method is-config="true" signature="launchBrowser()[pri:0, instance:TestClass.LoginPageTest@21337f7b]" started-at="2024-07-20T11:42:59 IST" name="launchBrowser" finished-at="2024-07-20T11:43:02 IST" duration-ms="2250" status="PASS">
          <reporter-output>
          </reporter-output>
        </test-method> <!-- launchBrowser -->
        <test-method signature="loginTest(java.lang.String,java.lang.String)[pri:0, instance:TestClass.LoginPageTest@21337f7b]" started-at="2024-07-20T11:43:02 IST" name="loginTest" data-provider="logindata" finished-at="2024-07-20T11:43:03 IST" duration-ms="1350" status="PASS">
          <params>
            <param index="0">
              <value>
                <![CDATA[error_user]]>
              </value>
            </param>
            <param index="1">
              <value>
                <![CDATA[secret_sauce]]>
              </value>
            </param>
          </params>
          <reporter-output>
          </reporter-output>
        </test-method> <!-- loginTest -->
        <test-method is-config="true" signature="LogOutTheUser()[pri:0, instance:TestClass.LoginPageTest@21337f7b]" started-at="2024-07-20T11:43:03 IST" name="LogOutTheUser" finished-at="2024-07-20T11:43:04 IST" duration-ms="662" status="PASS">
          <reporter-output>
          </reporter-output>
        </test-method> <!-- LogOutTheUser -->
        <test-method is-config="true" signature="launchBrowser()[pri:0, instance:TestClass.LoginPageTest@21337f7b]" started-at="2024-07-20T11:43:04 IST" name="launchBrowser" finished-at="2024-07-20T11:43:06 IST" duration-ms="1984" status="PASS">
          <reporter-output>
          </reporter-output>
        </test-method> <!-- launchBrowser -->
        <test-method signature="loginTest(java.lang.String,java.lang.String)[pri:0, instance:TestClass.LoginPageTest@21337f7b]" started-at="2024-07-20T11:43:06 IST" name="loginTest" data-provider="logindata" finished-at="2024-07-20T11:43:07 IST" duration-ms="1376" status="PASS">
          <params>
            <param index="0">
              <value>
                <![CDATA[visual_user]]>
              </value>
            </param>
            <param index="1">
              <value>
                <![CDATA[secret_sauce]]>
              </value>
            </param>
          </params>
          <reporter-output>
          </reporter-output>
        </test-method> <!-- loginTest -->
        <test-method is-config="true" signature="LogOutTheUser()[pri:0, instance:TestClass.LoginPageTest@21337f7b]" started-at="2024-07-20T11:43:07 IST" name="LogOutTheUser" finished-at="2024-07-20T11:43:08 IST" duration-ms="661" status="PASS">
          <reporter-output>
          </reporter-output>
        </test-method> <!-- LogOutTheUser -->
      </class> <!-- TestClass.LoginPageTest -->
      <class name="TestClass.HomePageTest">
        <test-method is-config="true" signature="launchBrowser()[pri:0, instance:TestClass.HomePageTest@76f4b65]" started-at="2024-07-20T11:43:08 IST" name="launchBrowser" finished-at="2024-07-20T11:43:10 IST" duration-ms="1920" status="PASS">
          <reporter-output>
          </reporter-output>
        </test-method> <!-- launchBrowser -->
        <test-method signature="checkBackPackIsAvailiable()[pri:0, instance:TestClass.HomePageTest@76f4b65]" started-at="2024-07-20T11:43:10 IST" name="checkBackPackIsAvailiable" finished-at="2024-07-20T11:43:10 IST" duration-ms="475" status="PASS">
          <reporter-output>
          </reporter-output>
        </test-method> <!-- checkBackPackIsAvailiable -->
        <test-method is-config="true" signature="LogOutTheUser()[pri:0, instance:TestClass.HomePageTest@76f4b65]" started-at="2024-07-20T11:43:10 IST" name="LogOutTheUser" finished-at="2024-07-20T11:43:11 IST" duration-ms="669" status="PASS">
          <reporter-output>
          </reporter-output>
        </test-method> <!-- LogOutTheUser -->
      </class> <!-- TestClass.HomePageTest -->
    </test> <!-- Test -->
  </suite> <!-- Suite -->
</testng-results>
