<?xml version="1.0" encoding="UTF-8"?>
<!-- Generated by org.testng.reporters.JUnitXMLReporter -->
<testsuite ignored="0" hostname="DESKTOP-VSV5DIB" failures="0" tests="3" name="Chrome Test" time="12.029" errors="0" timestamp="2024-10-02T13:56:43 IST">
  <testcase classname="TestClass.LoginPageTest" name="loginTest" time="1.574"/>
  <testcase classname="TestClass.LoginPageTest" name="loginTest" time="1.488"/>
  <testcase classname="TestClass.HomePageTest" name="checkBackPackIsAvailiable" time="0.585"/>
</testsuite> <!-- Chrome Test -->
